#! /usr/bin/vvp
:ivl_version "10.3 (stable)";
:ivl_delay_selection "TYPICAL";
:vpi_time_precision + 0;
:vpi_module "system";
:vpi_module "vhdl_sys";
:vpi_module "v2005_math";
:vpi_module "va_math";
S_0x562e6dd610d0 .scope module, "mux_41" "mux_41" 2 1;
 .timescale 0 0;
    .port_info 0 /INPUT 2 "sel_i"
    .port_info 1 /INPUT 1 "din0_i"
    .port_info 2 /INPUT 1 "din1_i"
    .port_info 3 /INPUT 1 "din2_i"
    .port_info 4 /INPUT 1 "din3_i"
    .port_info 5 /OUTPUT 1 "dout_o"
o0x7f7ca8d1c018 .functor BUFZ 1, C4<z>; HiZ drive
v0x562e6dd61320_0 .net "din0_i", 0 0, o0x7f7ca8d1c018;  0 drivers
o0x7f7ca8d1c048 .functor BUFZ 1, C4<z>; HiZ drive
v0x562e6dda50d0_0 .net "din1_i", 0 0, o0x7f7ca8d1c048;  0 drivers
o0x7f7ca8d1c078 .functor BUFZ 1, C4<z>; HiZ drive
v0x562e6dda5190_0 .net "din2_i", 0 0, o0x7f7ca8d1c078;  0 drivers
o0x7f7ca8d1c0a8 .functor BUFZ 1, C4<z>; HiZ drive
v0x562e6dda5230_0 .net "din3_i", 0 0, o0x7f7ca8d1c0a8;  0 drivers
v0x562e6dda52f0_0 .var "dout_o", 0 0;
o0x7f7ca8d1c108 .functor BUFZ 2, C4<zz>; HiZ drive
v0x562e6dda5400_0 .net "sel_i", 1 0, o0x7f7ca8d1c108;  0 drivers
E_0x562e6dd96b50/0 .event edge, v0x562e6dda5400_0, v0x562e6dd61320_0, v0x562e6dda50d0_0, v0x562e6dda5190_0;
E_0x562e6dd96b50/1 .event edge, v0x562e6dda5230_0;
E_0x562e6dd96b50 .event/or E_0x562e6dd96b50/0, E_0x562e6dd96b50/1;
    .scope S_0x562e6dd610d0;
T_0 ;
    %wait E_0x562e6dd96b50;
    %load/vec4 v0x562e6dda5400_0;
    %dup/vec4;
    %pushi/vec4 0, 0, 2;
    %cmp/u;
    %jmp/1 T_0.0, 6;
    %dup/vec4;
    %pushi/vec4 1, 0, 2;
    %cmp/u;
    %jmp/1 T_0.1, 6;
    %dup/vec4;
    %pushi/vec4 2, 0, 2;
    %cmp/u;
    %jmp/1 T_0.2, 6;
    %dup/vec4;
    %pushi/vec4 3, 0, 2;
    %cmp/u;
    %jmp/1 T_0.3, 6;
    %jmp T_0.4;
T_0.0 ;
    %load/vec4 v0x562e6dd61320_0;
    %store/vec4 v0x562e6dda52f0_0, 0, 1;
    %jmp T_0.4;
T_0.1 ;
    %load/vec4 v0x562e6dda50d0_0;
    %store/vec4 v0x562e6dda52f0_0, 0, 1;
    %jmp T_0.4;
T_0.2 ;
    %load/vec4 v0x562e6dda5190_0;
    %store/vec4 v0x562e6dda52f0_0, 0, 1;
    %jmp T_0.4;
T_0.3 ;
    %load/vec4 v0x562e6dda5230_0;
    %store/vec4 v0x562e6dda52f0_0, 0, 1;
    %jmp T_0.4;
T_0.4 ;
    %pop/vec4 1;
    %jmp T_0;
    .thread T_0, $push;
# The file index is used to find the file name in the following table.
:file_names 3;
    "N/A";
    "<interactive>";
    "mux_41.v";
